2022-01-28 15:38:45 info: 🚀 App listening on the port 3000
2022-01-28 15:39:12 info: ::1 - - [28/Jan/2022:23:39:12 +0000] "GET / HTTP/1.1" 200 2 "-" "Mozilla/5.0 (X11; Linux x86_64) AppleWebKit/537.36 (KHTML, like Gecko) Chrome/97.0.4692.99 Safari/537.36"
2022-01-28 15:39:12 info: ::1 - - [28/Jan/2022:23:39:12 +0000] "GET /favicon.ico HTTP/1.1" 404 150 "-" "Mozilla/5.0 (X11; Linux x86_64) AppleWebKit/537.36 (KHTML, like Gecko) Chrome/97.0.4692.99 Safari/537.36"
2022-01-28 15:39:41 info: ::1 - - [28/Jan/2022:23:39:41 +0000] "GET /videos/imported HTTP/1.1" 404 154 "-" "Mozilla/5.0 (X11; Linux x86_64) AppleWebKit/537.36 (KHTML, like Gecko) Chrome/97.0.4692.99 Safari/537.36"
2022-01-28 15:39:51 info: ::1 - - [28/Jan/2022:23:39:51 +0000] "GET /videos/populated HTTP/1.1" 200 - "-" "Mozilla/5.0 (X11; Linux x86_64) AppleWebKit/537.36 (KHTML, like Gecko) Chrome/97.0.4692.99 Safari/537.36"
2022-01-28 15:42:08 info: ::1 - - [28/Jan/2022:23:42:08 +0000] "GET /videos/import HTTP/1.1" 404 152 "-" "Mozilla/5.0 (X11; Linux x86_64) AppleWebKit/537.36 (KHTML, like Gecko) Chrome/97.0.4692.99 Safari/537.36"
2022-01-28 15:42:21 info: ::1 - - [28/Jan/2022:23:42:21 +0000] "GET /import HTTP/1.1" 404 145 "-" "Mozilla/5.0 (X11; Linux x86_64) AppleWebKit/537.36 (KHTML, like Gecko) Chrome/97.0.4692.99 Safari/537.36"
2022-01-28 15:43:18 info: ::1 - - [28/Jan/2022:23:43:18 +0000] "GET /videos HTTP/1.1" 200 885 "-" "Mozilla/5.0 (X11; Linux x86_64) AppleWebKit/537.36 (KHTML, like Gecko) Chrome/97.0.4692.99 Safari/537.36"
2022-01-28 15:43:24 info: ::1 - - [28/Jan/2022:23:43:24 +0000] "GET /videos/new HTTP/1.1" 404 149 "-" "Mozilla/5.0 (X11; Linux x86_64) AppleWebKit/537.36 (KHTML, like Gecko) Chrome/97.0.4692.99 Safari/537.36"
2022-01-28 15:43:31 info: ::1 - - [28/Jan/2022:23:43:31 +0000] "GET /videos/help HTTP/1.1" 404 150 "-" "Mozilla/5.0 (X11; Linux x86_64) AppleWebKit/537.36 (KHTML, like Gecko) Chrome/97.0.4692.99 Safari/537.36"
2022-01-28 15:43:37 info: ::1 - - [28/Jan/2022:23:43:37 +0000] "GET /help HTTP/1.1" 404 143 "-" "Mozilla/5.0 (X11; Linux x86_64) AppleWebKit/537.36 (KHTML, like Gecko) Chrome/97.0.4692.99 Safari/537.36"
2022-01-28 15:43:53 info: ::1 - - [28/Jan/2022:23:43:53 +0000] "GET /videos/add HTTP/1.1" 404 149 "-" "Mozilla/5.0 (X11; Linux x86_64) AppleWebKit/537.36 (KHTML, like Gecko) Chrome/97.0.4692.99 Safari/537.36"
2022-01-28 15:44:18 info: ::1 - - [28/Jan/2022:23:44:18 +0000] "GET /videos/populated HTTP/1.1" 304 - "-" "Mozilla/5.0 (X11; Linux x86_64) AppleWebKit/537.36 (KHTML, like Gecko) Chrome/97.0.4692.99 Safari/537.36"
2022-01-28 15:44:27 info: ::1 - - [28/Jan/2022:23:44:27 +0000] "GET /videos/imported HTTP/1.1" 404 154 "-" "Mozilla/5.0 (X11; Linux x86_64) AppleWebKit/537.36 (KHTML, like Gecko) Chrome/97.0.4692.99 Safari/537.36"
2022-01-28 15:44:36 info: ::1 - - [28/Jan/2022:23:44:36 +0000] "GET /videos/populated HTTP/1.1" 304 - "-" "Mozilla/5.0 (X11; Linux x86_64) AppleWebKit/537.36 (KHTML, like Gecko) Chrome/97.0.4692.99 Safari/537.36"
2022-01-28 15:44:37 info: ::1 - - [28/Jan/2022:23:44:37 +0000] "GET /videos/populated HTTP/1.1" 304 - "-" "Mozilla/5.0 (X11; Linux x86_64) AppleWebKit/537.36 (KHTML, like Gecko) Chrome/97.0.4692.99 Safari/537.36"
2022-01-28 15:44:37 info: ::1 - - [28/Jan/2022:23:44:37 +0000] "GET /videos/populated HTTP/1.1" 304 - "-" "Mozilla/5.0 (X11; Linux x86_64) AppleWebKit/537.36 (KHTML, like Gecko) Chrome/97.0.4692.99 Safari/537.36"
2022-01-28 15:47:04 info: ::1 - - [28/Jan/2022:23:47:04 +0000] "GET /videos/ingest HTTP/1.1" 404 152 "-" "Mozilla/5.0 (X11; Linux x86_64) AppleWebKit/537.36 (KHTML, like Gecko) Chrome/97.0.4692.99 Safari/537.36"
2022-01-28 15:47:20 info: ::1 - - [28/Jan/2022:23:47:20 +0000] "GET /videos/ingestYoutube HTTP/1.1" 404 159 "-" "Mozilla/5.0 (X11; Linux x86_64) AppleWebKit/537.36 (KHTML, like Gecko) Chrome/97.0.4692.99 Safari/537.36"
2022-01-28 15:52:16 info: ::1 - - [28/Jan/2022:23:52:16 +0000] "GET /videos/import HTTP/1.1" 404 152 "-" "Mozilla/5.0 (X11; Linux x86_64) AppleWebKit/537.36 (KHTML, like Gecko) Chrome/97.0.4692.99 Safari/537.36"
2022-01-28 15:52:28 info: ::1 - - [28/Jan/2022:23:52:28 +0000] "GET /populated HTTP/1.1" 404 148 "-" "Mozilla/5.0 (X11; Linux x86_64) AppleWebKit/537.36 (KHTML, like Gecko) Chrome/97.0.4692.99 Safari/537.36"
2022-01-28 15:52:40 info: ::1 - - [28/Jan/2022:23:52:40 +0000] "GET /videos/populated HTTP/1.1" 304 - "-" "Mozilla/5.0 (X11; Linux x86_64) AppleWebKit/537.36 (KHTML, like Gecko) Chrome/97.0.4692.99 Safari/537.36"
2022-01-28 15:53:43 info: ::1 - - [28/Jan/2022:23:53:43 +0000] "GET /videos/integration/import HTTP/1.1" 200 783 "-" "Mozilla/5.0 (X11; Linux x86_64) AppleWebKit/537.36 (KHTML, like Gecko) Chrome/97.0.4692.99 Safari/537.36"
2022-01-28 15:53:58 info: ::1 - - [28/Jan/2022:23:53:58 +0000] "GET /videos HTTP/1.1" 200 - "-" "Mozilla/5.0 (X11; Linux x86_64) AppleWebKit/537.36 (KHTML, like Gecko) Chrome/97.0.4692.99 Safari/537.36"
2022-01-28 15:54:03 error: StatusCode : 404, Message : Error: User not found
2022-01-28 15:54:03 info: ::1 - - [28/Jan/2022:23:54:03 +0000] "GET /videos/populated HTTP/1.1" 404 35 "-" "Mozilla/5.0 (X11; Linux x86_64) AppleWebKit/537.36 (KHTML, like Gecko) Chrome/97.0.4692.99 Safari/537.36"
2022-01-28 15:56:46 info: 🚀 App listening on the port 3000
2022-01-28 15:56:51 info: ::1 - - [28/Jan/2022:23:56:51 +0000] "GET /videos/populated HTTP/1.1" 200 - "-" "Mozilla/5.0 (X11; Linux x86_64) AppleWebKit/537.36 (KHTML, like Gecko) Chrome/97.0.4692.99 Safari/537.36"
2022-01-28 15:57:28 info: ::1 - - [28/Jan/2022:23:57:28 +0000] "GET /videos/integration/import HTTP/1.1" 200 783 "-" "Mozilla/5.0 (X11; Linux x86_64) AppleWebKit/537.36 (KHTML, like Gecko) Chrome/97.0.4692.99 Safari/537.36"
2022-01-28 15:57:39 error: StatusCode : 404, Message : Error: User not found
2022-01-28 15:57:39 info: ::1 - - [28/Jan/2022:23:57:39 +0000] "GET /videos/populated HTTP/1.1" 404 35 "-" "Mozilla/5.0 (X11; Linux x86_64) AppleWebKit/537.36 (KHTML, like Gecko) Chrome/97.0.4692.99 Safari/537.36"
